> Task :compileJava UP-TO-DATE
> Task :processResources UP-TO-DATE
> Task :classes UP-TO-DATE
> Task :resolveMainClassName UP-TO-DATE

> Task :bootRun

  .   ____          _            __ _ _
 /\\ / ___'_ __ _ _(_)_ __  __ _ \ \ \ \
( ( )\___ | '_ | '_| | '_ \/ _` | \ \ \ \
 \\/  ___)| |_)| | | | | || (_| |  ) ) ) )
  '  |____| .__|_| |_|_| |_\__, | / / / /
 =========|_|==============|___/=/_/_/_/

 :: Spring Boot ::                (v3.3.2)

2025-08-15T23:57:36.520+09:00  INFO 74123 --- [           main] com.littlehikerfriends.Application       : Starting Application using Java 21.0.5 with PID 74123 (/Users/byeolkim/Desktop/리틀하이커프렌즈/Backend_LittleHikerFriends/build/classes/java/main started by byeolkim in /Users/byeolkim/Desktop/리틀하이커프렌즈/Backend_LittleHikerFriends)
2025-08-15T23:57:36.521+09:00  INFO 74123 --- [           main] com.littlehikerfriends.Application       : No active profile set, falling back to 1 default profile: "default"
2025-08-15T23:57:36.872+09:00  INFO 74123 --- [           main] .s.d.r.c.RepositoryConfigurationDelegate : Bootstrapping Spring Data JPA repositories in DEFAULT mode.
2025-08-15T23:57:36.893+09:00  INFO 74123 --- [           main] .s.d.r.c.RepositoryConfigurationDelegate : Finished Spring Data repository scanning in 18 ms. Found 5 JPA repository interfaces.
2025-08-15T23:57:37.158+09:00  INFO 74123 --- [           main] o.s.b.w.embedded.tomcat.TomcatWebServer  : Tomcat initialized with port 8080 (http)
2025-08-15T23:57:37.163+09:00  INFO 74123 --- [           main] o.apache.catalina.core.StandardService   : Starting service [Tomcat]
2025-08-15T23:57:37.163+09:00  INFO 74123 --- [           main] o.apache.catalina.core.StandardEngine    : Starting Servlet engine: [Apache Tomcat/10.1.26]
2025-08-15T23:57:37.183+09:00  INFO 74123 --- [           main] o.a.c.c.C.[Tomcat].[localhost].[/]       : Initializing Spring embedded WebApplicationContext
2025-08-15T23:57:37.183+09:00  INFO 74123 --- [           main] w.s.c.ServletWebServerApplicationContext : Root WebApplicationContext: initialization completed in 650 ms
2025-08-15T23:57:37.223+09:00  INFO 74123 --- [           main] com.zaxxer.hikari.HikariDataSource       : HikariPool-1 - Starting...
2025-08-15T23:57:37.294+09:00  INFO 74123 --- [           main] com.zaxxer.hikari.pool.HikariPool        : HikariPool-1 - Added connection conn0: url=jdbc:h2:mem:testdb user=SA
2025-08-15T23:57:37.294+09:00  INFO 74123 --- [           main] com.zaxxer.hikari.HikariDataSource       : HikariPool-1 - Start completed.
2025-08-15T23:57:37.298+09:00  INFO 74123 --- [           main] o.s.b.a.h2.H2ConsoleAutoConfiguration    : H2 console available at '/h2-console'. Database available at 'jdbc:h2:mem:testdb'
2025-08-15T23:57:37.366+09:00  INFO 74123 --- [           main] o.hibernate.jpa.internal.util.LogHelper  : HHH000204: Processing PersistenceUnitInfo [name: default]
2025-08-15T23:57:37.386+09:00  INFO 74123 --- [           main] org.hibernate.Version                    : HHH000412: Hibernate ORM core version 6.5.2.Final
2025-08-15T23:57:37.390+09:00  INFO 74123 --- [           main] o.h.spatial.integration.SpatialService   : HHH80000001: hibernate-spatial integration enabled : true
2025-08-15T23:57:37.399+09:00  INFO 74123 --- [           main] o.h.c.internal.RegionFactoryInitiator    : HHH000026: Second-level cache disabled
2025-08-15T23:57:37.454+09:00  INFO 74123 --- [           main] org.hibernate.spatial                    : HHH80000003: hibernate-spatial adding type contributions from : org.hibernate.spatial.dialect.h2gis.H2GisDialectContributor
2025-08-15T23:57:37.532+09:00  INFO 74123 --- [           main] o.s.o.j.p.SpringPersistenceUnitInfo      : No LoadTimeWeaver setup: ignoring JPA class transformer
2025-08-15T23:57:37.540+09:00  INFO 74123 --- [           main] org.hibernate.spatial                    : HHH80000003: hibernate-spatial adding type contributions from : org.hibernate.spatial.dialect.h2gis.H2GisDialectContributor
2025-08-15T23:57:37.657+09:00  INFO 74123 --- [           main] org.hibernate.spatial                    : HHH80000004: hibernate-spatial adding function contributions from : org.hibernate.spatial.dialect.h2gis.H2GisDialectContributor
2025-08-15T23:57:37.902+09:00  INFO 74123 --- [           main] o.h.e.t.j.p.i.JtaPlatformInitiator       : HHH000489: No JTA platform available (set 'hibernate.transaction.jta.platform' to enable JTA platform integration)
Hibernate: 
    drop table if exists hike_members cascade 
Hibernate: 
    drop table if exists hikes cascade 
Hibernate: 
    drop table if exists locations cascade 
Hibernate: 
    drop table if exists messages cascade 
Hibernate: 
    drop table if exists users cascade 
Hibernate: 
    create table hike_members (
        hike_id integer not null,
        id integer generated by default as identity,
        user_id integer not null,
        joined_at timestamp(6) not null,
        role enum ('ADMIN','MEMBER') not null,
        primary key (id),
        unique (hike_id, user_id)
    )
Hibernate: 
    create table hikes (
        id integer generated by default as identity,
        created_at timestamp(6) not null,
        end_at timestamp(6),
        start_at timestamp(6) not null,
        mountain_name varchar(255) not null,
        name varchar(255) not null,
        status enum ('COMPLETED','IN_PROGRESS','PLANNED') not null,
        primary key (id)
    )
Hibernate: 
    create table locations (
        altitude float(53),
        id integer generated by default as identity,
        latitude float(53) not null,
        longitude float(53) not null,
        user_id integer not null,
        timestamp timestamp(6) not null,
        primary key (id)
    )
Hibernate: 
    create table messages (
        hike_id integer not null,
        id integer generated by default as identity,
        location_id integer,
        user_id integer not null,
        created_at timestamp(6) not null,
        content TEXT not null,
        primary key (id)
    )
Hibernate: 
    create table users (
        id integer generated by default as identity,
        last_location_id integer,
        created_at timestamp(6) not null,
        email varchar(255) not null unique,
        image_url varchar(255),
        nickname varchar(255) not null,
        password_hash varchar(255),
        provider_id varchar(255) unique,
        provider enum ('APPLE','EMAIL','GOOGLE','KAKAO') not null,
        primary key (id)
    )
Hibernate: 
    alter table if exists hike_members 
       add constraint FKnlmwhrv83fccgx67p5sif5d7h 
       foreign key (hike_id) 
       references hikes
Hibernate: 
    alter table if exists hike_members 
       add constraint FK2ib6jdc9q9ulhsa85agws1kmh 
       foreign key (user_id) 
       references users
Hibernate: 
    alter table if exists locations 
       add constraint FKdmtxqhxbtg4qt8q6u01hxj52i 
       foreign key (user_id) 
       references users
Hibernate: 
    alter table if exists messages 
       add constraint FKn5jmj4h8i8fr9qkrohjn7fil1 
       foreign key (hike_id) 
       references hikes
Hibernate: 
    alter table if exists messages 
       add constraint FK5yip31vn3o9ctwcn87g4y3428 
       foreign key (location_id) 
       references locations
Hibernate: 
    alter table if exists messages 
       add constraint FKpsmh6clh3csorw43eaodlqvkn 
       foreign key (user_id) 
       references users
Hibernate: 
    alter table if exists users 
       add constraint FKo2tvqeqacys3544jh9onlykv5 
       foreign key (last_location_id) 
       references locations
2025-08-15T23:57:37.925+09:00  INFO 74123 --- [           main] j.LocalContainerEntityManagerFactoryBean : Initialized JPA EntityManagerFactory for persistence unit 'default'
2025-08-15T23:57:38.048+09:00  INFO 74123 --- [           main] o.s.d.j.r.query.QueryEnhancerFactory     : Hibernate is in classpath; If applicable, HQL parser will be used.
2025-08-15T23:57:38.283+09:00  WARN 74123 --- [           main] .s.s.UserDetailsServiceAutoConfiguration : 

Using generated security password: b5870353-38c8-4337-8179-8c5f827e2256

This generated password is for development use only. Your security configuration must be updated before running your application in production.

2025-08-15T23:57:38.286+09:00  INFO 74123 --- [           main] r$InitializeUserDetailsManagerConfigurer : Global AuthenticationManager configured with UserDetailsService bean with name inMemoryUserDetailsManager
2025-08-15T23:57:38.429+09:00  INFO 74123 --- [           main] o.s.b.a.e.web.EndpointLinksResolver      : Exposing 2 endpoints beneath base path '/actuator'
2025-08-15T23:57:38.709+09:00  INFO 74123 --- [           main] o.s.b.w.embedded.tomcat.TomcatWebServer  : Tomcat started on port 8080 (http) with context path '/'
2025-08-15T23:57:38.715+09:00  INFO 74123 --- [           main] com.littlehikerfriends.Application       : Started Application in 2.314 seconds (process running for 2.432)
2025-08-15T23:58:41.895+09:00  INFO 74123 --- [ionShutdownHook] j.LocalContainerEntityManagerFactoryBean : Closing JPA EntityManagerFactory for persistence unit 'default'
Hibernate: 
    drop table if exists hike_members cascade 
Hibernate: 
    drop table if exists hikes cascade 
Hibernate: 
    drop table if exists locations cascade 
Hibernate: 
    drop table if exists messages cascade 
Hibernate: 
    drop table if exists users cascade 
2025-08-15T23:58:41.902+09:00  INFO 74123 --- [ionShutdownHook] com.zaxxer.hikari.HikariDataSource       : HikariPool-1 - Shutdown initiated...
2025-08-15T23:58:41.904+09:00  INFO 74123 --- [ionShutdownHook] com.zaxxer.hikari.HikariDataSource       : HikariPool-1 - Shutdown completed.

> Task :bootRun FAILED

FAILURE: Build failed with an exception.

* What went wrong:
Execution failed for task ':bootRun'.
> Process 'command '/Library/Java/JavaVirtualMachines/jdk-21.jdk/Contents/Home/bin/java'' finished with non-zero exit value 143

* Try:
> Run with --stacktrace option to get the stack trace.
> Run with --info or --debug option to get more log output.
> Run with --scan to get full insights.
> Get more help at https://help.gradle.org.

BUILD FAILED in 1m 6s
4 actionable tasks: 1 executed, 3 up-to-date
